<?xml version="1.0" encoding="UTF-8"?>
<testng-results ignored="0" total="1" passed="1" failed="0" skipped="0">
  <reporter-output>
  </reporter-output>
  <suite started-at="2024-05-07T16:09:07 MDT" name="Default suite" finished-at="2024-05-07T16:09:12 MDT" duration-ms="4828">
    <groups>
    </groups>
    <test started-at="2024-05-07T16:09:07 MDT" name="Default test" finished-at="2024-05-07T16:09:12 MDT" duration-ms="4828">
      <class name="bestBuyPlayGroundAPI.SerializartionAndDeseralizationCreateUser">
        <test-method is-config="true" signature="setup()[pri:0, instance:bestBuyPlayGroundAPI.SerializartionAndDeseralizationCreateUser@3541cb24]" started-at="2024-05-07T16:09:07 MDT" name="setup" finished-at="2024-05-07T16:09:08 MDT" duration-ms="582" status="PASS">
          <reporter-output>
          </reporter-output>
        </test-method> <!-- setup -->
        <test-method signature="createObjectCreateUserClass()[pri:0, instance:bestBuyPlayGroundAPI.SerializartionAndDeseralizationCreateUser@3541cb24]" started-at="2024-05-07T16:09:08 MDT" name="createObjectCreateUserClass" finished-at="2024-05-07T16:09:12 MDT" duration-ms="4192" status="PASS">
          <reporter-output>
          </reporter-output>
        </test-method> <!-- createObjectCreateUserClass -->
      </class> <!-- bestBuyPlayGroundAPI.SerializartionAndDeseralizationCreateUser -->
    </test> <!-- Default test -->
  </suite> <!-- Default suite -->
</testng-results>
